#! /usr/local/Cellar/icarus-verilog/11.0/bin/vvp
:ivl_version "11.0 (stable)";
:ivl_delay_selection "TYPICAL";
:vpi_time_precision - 11;
:vpi_module "/usr/local/Cellar/icarus-verilog/11.0/lib/ivl/system.vpi";
:vpi_module "/usr/local/Cellar/icarus-verilog/11.0/lib/ivl/vhdl_sys.vpi";
:vpi_module "/usr/local/Cellar/icarus-verilog/11.0/lib/ivl/vhdl_textio.vpi";
:vpi_module "/usr/local/Cellar/icarus-verilog/11.0/lib/ivl/v2005_math.vpi";
:vpi_module "/usr/local/Cellar/icarus-verilog/11.0/lib/ivl/va_math.vpi";
S_0x7fda53d0de50 .scope module, "tb" "tb" 2 4;
 .timescale -9 -11;
v0x7fda53d2aad0_0 .var "clk", 0 0;
v0x7fda53d2ab70_0 .var "reset", 0 0;
v0x7fda53d2ac20_0 .var "x", 0 0;
v0x7fda53d2acf0_0 .net "y", 0 0, v0x7fda53d2a950_0;  1 drivers
S_0x7fda53d055a0 .scope module, "mealy" "mealy_hw" 2 9, 3 1 0, S_0x7fda53d0de50;
 .timescale -9 -11;
    .port_info 0 /INPUT 1 "clk";
    .port_info 1 /INPUT 1 "reset";
    .port_info 2 /INPUT 1 "x";
    .port_info 3 /OUTPUT 1 "y";
P_0x7fda53d05710 .param/l "S0" 0 3 6, C4<000>;
P_0x7fda53d05750 .param/l "S1" 0 3 6, C4<001>;
P_0x7fda53d05790 .param/l "S2" 0 3 6, C4<010>;
P_0x7fda53d057d0 .param/l "S3" 0 3 6, C4<011>;
P_0x7fda53d05810 .param/l "S4" 0 3 6, C4<100>;
v0x7fda53d194a0_0 .net "clk", 0 0, v0x7fda53d2aad0_0;  1 drivers
v0x7fda53d2a660_0 .var "current_state", 2 0;
v0x7fda53d2a710_0 .var "next_state", 2 0;
v0x7fda53d2a7d0_0 .net "reset", 0 0, v0x7fda53d2ab70_0;  1 drivers
v0x7fda53d2a870_0 .net "x", 0 0, v0x7fda53d2ac20_0;  1 drivers
v0x7fda53d2a950_0 .var "y", 0 0;
v0x7fda53d2a9f0_0 .var "y_temp", 0 0;
E_0x7fda53d17d10 .event posedge, v0x7fda53d194a0_0;
E_0x7fda53d18c10 .event edge, v0x7fda53d2a660_0, v0x7fda53d2a870_0;
    .scope S_0x7fda53d055a0;
T_0 ;
    %wait E_0x7fda53d18c10;
    %load/vec4 v0x7fda53d2a660_0;
    %dup/vec4;
    %pushi/vec4 0, 0, 3;
    %cmp/u;
    %jmp/1 T_0.0, 6;
    %dup/vec4;
    %pushi/vec4 1, 0, 3;
    %cmp/u;
    %jmp/1 T_0.1, 6;
    %dup/vec4;
    %pushi/vec4 2, 0, 3;
    %cmp/u;
    %jmp/1 T_0.2, 6;
    %dup/vec4;
    %pushi/vec4 3, 0, 3;
    %cmp/u;
    %jmp/1 T_0.3, 6;
    %dup/vec4;
    %pushi/vec4 4, 0, 3;
    %cmp/u;
    %jmp/1 T_0.4, 6;
    %pushi/vec4 0, 0, 3;
    %store/vec4 v0x7fda53d2a710_0, 0, 3;
    %jmp T_0.6;
T_0.0 ;
    %load/vec4 v0x7fda53d2a870_0;
    %flag_set/vec4 8;
    %jmp/0xz  T_0.7, 8;
    %pushi/vec4 1, 0, 3;
    %store/vec4 v0x7fda53d2a710_0, 0, 3;
    %jmp T_0.8;
T_0.7 ;
    %pushi/vec4 0, 0, 3;
    %store/vec4 v0x7fda53d2a710_0, 0, 3;
T_0.8 ;
    %jmp T_0.6;
T_0.1 ;
    %load/vec4 v0x7fda53d2a870_0;
    %flag_set/vec4 8;
    %jmp/0xz  T_0.9, 8;
    %pushi/vec4 1, 0, 3;
    %store/vec4 v0x7fda53d2a710_0, 0, 3;
    %jmp T_0.10;
T_0.9 ;
    %pushi/vec4 2, 0, 3;
    %store/vec4 v0x7fda53d2a710_0, 0, 3;
T_0.10 ;
    %jmp T_0.6;
T_0.2 ;
    %load/vec4 v0x7fda53d2a870_0;
    %flag_set/vec4 8;
    %jmp/0xz  T_0.11, 8;
    %pushi/vec4 1, 0, 3;
    %store/vec4 v0x7fda53d2a710_0, 0, 3;
    %jmp T_0.12;
T_0.11 ;
    %pushi/vec4 3, 0, 3;
    %store/vec4 v0x7fda53d2a710_0, 0, 3;
T_0.12 ;
    %jmp T_0.6;
T_0.3 ;
    %load/vec4 v0x7fda53d2a870_0;
    %flag_set/vec4 8;
    %jmp/0xz  T_0.13, 8;
    %pushi/vec4 4, 0, 3;
    %store/vec4 v0x7fda53d2a710_0, 0, 3;
    %jmp T_0.14;
T_0.13 ;
    %pushi/vec4 0, 0, 3;
    %store/vec4 v0x7fda53d2a710_0, 0, 3;
T_0.14 ;
    %jmp T_0.6;
T_0.4 ;
    %load/vec4 v0x7fda53d2a870_0;
    %flag_set/vec4 8;
    %jmp/0xz  T_0.15, 8;
    %pushi/vec4 1, 0, 3;
    %store/vec4 v0x7fda53d2a710_0, 0, 3;
    %jmp T_0.16;
T_0.15 ;
    %pushi/vec4 2, 0, 3;
    %store/vec4 v0x7fda53d2a710_0, 0, 3;
T_0.16 ;
    %jmp T_0.6;
T_0.6 ;
    %pop/vec4 1;
    %jmp T_0;
    .thread T_0, $push;
    .scope S_0x7fda53d055a0;
T_1 ;
    %wait E_0x7fda53d17d10;
    %load/vec4 v0x7fda53d2a7d0_0;
    %flag_set/vec4 8;
    %jmp/0xz  T_1.0, 8;
    %pushi/vec4 0, 0, 3;
    %assign/vec4 v0x7fda53d2a660_0, 0;
    %jmp T_1.1;
T_1.0 ;
    %load/vec4 v0x7fda53d2a710_0;
    %assign/vec4 v0x7fda53d2a660_0, 0;
T_1.1 ;
    %jmp T_1;
    .thread T_1;
    .scope S_0x7fda53d055a0;
T_2 ;
    %wait E_0x7fda53d18c10;
    %load/vec4 v0x7fda53d2a660_0;
    %dup/vec4;
    %pushi/vec4 0, 0, 3;
    %cmp/u;
    %jmp/1 T_2.0, 6;
    %dup/vec4;
    %pushi/vec4 1, 0, 3;
    %cmp/u;
    %jmp/1 T_2.1, 6;
    %dup/vec4;
    %pushi/vec4 2, 0, 3;
    %cmp/u;
    %jmp/1 T_2.2, 6;
    %dup/vec4;
    %pushi/vec4 3, 0, 3;
    %cmp/u;
    %jmp/1 T_2.3, 6;
    %dup/vec4;
    %pushi/vec4 4, 0, 3;
    %cmp/u;
    %jmp/1 T_2.4, 6;
    %pushi/vec4 0, 0, 1;
    %store/vec4 v0x7fda53d2a9f0_0, 0, 1;
    %jmp T_2.6;
T_2.0 ;
    %load/vec4 v0x7fda53d2a870_0;
    %flag_set/vec4 8;
    %jmp/0xz  T_2.7, 8;
    %pushi/vec4 0, 0, 1;
    %store/vec4 v0x7fda53d2a9f0_0, 0, 1;
    %jmp T_2.8;
T_2.7 ;
    %pushi/vec4 0, 0, 1;
    %store/vec4 v0x7fda53d2a9f0_0, 0, 1;
T_2.8 ;
    %jmp T_2.6;
T_2.1 ;
    %load/vec4 v0x7fda53d2a870_0;
    %flag_set/vec4 8;
    %jmp/0xz  T_2.9, 8;
    %pushi/vec4 0, 0, 1;
    %store/vec4 v0x7fda53d2a9f0_0, 0, 1;
    %jmp T_2.10;
T_2.9 ;
    %pushi/vec4 0, 0, 1;
    %store/vec4 v0x7fda53d2a9f0_0, 0, 1;
T_2.10 ;
    %jmp T_2.6;
T_2.2 ;
    %load/vec4 v0x7fda53d2a870_0;
    %flag_set/vec4 8;
    %jmp/0xz  T_2.11, 8;
    %pushi/vec4 0, 0, 1;
    %store/vec4 v0x7fda53d2a9f0_0, 0, 1;
    %jmp T_2.12;
T_2.11 ;
    %pushi/vec4 0, 0, 1;
    %store/vec4 v0x7fda53d2a9f0_0, 0, 1;
T_2.12 ;
    %jmp T_2.6;
T_2.3 ;
    %load/vec4 v0x7fda53d2a870_0;
    %flag_set/vec4 8;
    %jmp/0xz  T_2.13, 8;
    %pushi/vec4 0, 0, 1;
    %store/vec4 v0x7fda53d2a9f0_0, 0, 1;
    %jmp T_2.14;
T_2.13 ;
    %pushi/vec4 0, 0, 1;
    %store/vec4 v0x7fda53d2a9f0_0, 0, 1;
T_2.14 ;
    %jmp T_2.6;
T_2.4 ;
    %load/vec4 v0x7fda53d2a870_0;
    %flag_set/vec4 8;
    %jmp/0xz  T_2.15, 8;
    %pushi/vec4 0, 0, 1;
    %store/vec4 v0x7fda53d2a9f0_0, 0, 1;
    %jmp T_2.16;
T_2.15 ;
    %pushi/vec4 1, 0, 1;
    %store/vec4 v0x7fda53d2a9f0_0, 0, 1;
T_2.16 ;
    %jmp T_2.6;
T_2.6 ;
    %pop/vec4 1;
    %jmp T_2;
    .thread T_2, $push;
    .scope S_0x7fda53d055a0;
T_3 ;
    %wait E_0x7fda53d17d10;
    %load/vec4 v0x7fda53d2a7d0_0;
    %flag_set/vec4 8;
    %jmp/0xz  T_3.0, 8;
    %pushi/vec4 0, 0, 1;
    %assign/vec4 v0x7fda53d2a950_0, 0;
    %jmp T_3.1;
T_3.0 ;
    %load/vec4 v0x7fda53d2a9f0_0;
    %assign/vec4 v0x7fda53d2a950_0, 0;
T_3.1 ;
    %jmp T_3;
    .thread T_3;
    .scope S_0x7fda53d0de50;
T_4 ;
    %vpi_call 2 12 "$dumpfile", "mealy_hw.fsdb" {0 0 0};
    %vpi_call 2 13 "$dumpvars" {0 0 0};
    %end;
    .thread T_4;
    .scope S_0x7fda53d0de50;
T_5 ;
    %pushi/vec4 1, 0, 1;
    %assign/vec4 v0x7fda53d2aad0_0, 0;
    %pushi/vec4 0, 0, 1;
    %assign/vec4 v0x7fda53d2ab70_0, 0;
    %pushi/vec4 0, 0, 1;
    %assign/vec4 v0x7fda53d2ac20_0, 0;
    %end;
    .thread T_5;
    .scope S_0x7fda53d0de50;
T_6 ;
    %delay 1000, 0;
    %load/vec4 v0x7fda53d2aad0_0;
    %inv;
    %store/vec4 v0x7fda53d2aad0_0, 0, 1;
    %jmp T_6;
    .thread T_6;
    .scope S_0x7fda53d0de50;
T_7 ;
    %delay 500, 0;
    %pushi/vec4 1, 0, 1;
    %assign/vec4 v0x7fda53d2ab70_0, 0;
    %delay 2000, 0;
    %pushi/vec4 0, 0, 1;
    %assign/vec4 v0x7fda53d2ab70_0, 0;
    %end;
    .thread T_7;
    .scope S_0x7fda53d0de50;
T_8 ;
    %pushi/vec4 3, 0, 32;
T_8.0 %dup/vec4;
    %pushi/vec4 0, 0, 32;
    %cmp/s;
    %jmp/1xz T_8.1, 5;
    %jmp/1 T_8.1, 4;
    %pushi/vec4 1, 0, 32;
    %sub;
    %wait E_0x7fda53d17d10;
    %jmp T_8.0;
T_8.1 ;
    %pop/vec4 1;
    %pushi/vec4 0, 0, 1;
    %assign/vec4 v0x7fda53d2ac20_0, 0;
    %pushi/vec4 2, 0, 32;
T_8.2 %dup/vec4;
    %pushi/vec4 0, 0, 32;
    %cmp/s;
    %jmp/1xz T_8.3, 5;
    %jmp/1 T_8.3, 4;
    %pushi/vec4 1, 0, 32;
    %sub;
    %wait E_0x7fda53d17d10;
    %jmp T_8.2;
T_8.3 ;
    %pop/vec4 1;
    %pushi/vec4 1, 0, 1;
    %assign/vec4 v0x7fda53d2ac20_0, 0;
    %wait E_0x7fda53d17d10;
    %pushi/vec4 0, 0, 1;
    %assign/vec4 v0x7fda53d2ac20_0, 0;
    %pushi/vec4 2, 0, 32;
T_8.4 %dup/vec4;
    %pushi/vec4 0, 0, 32;
    %cmp/s;
    %jmp/1xz T_8.5, 5;
    %jmp/1 T_8.5, 4;
    %pushi/vec4 1, 0, 32;
    %sub;
    %wait E_0x7fda53d17d10;
    %jmp T_8.4;
T_8.5 ;
    %pop/vec4 1;
    %pushi/vec4 1, 0, 1;
    %assign/vec4 v0x7fda53d2ac20_0, 0;
    %wait E_0x7fda53d17d10;
    %pushi/vec4 0, 0, 1;
    %assign/vec4 v0x7fda53d2ac20_0, 0;
    %pushi/vec4 2, 0, 32;
T_8.6 %dup/vec4;
    %pushi/vec4 0, 0, 32;
    %cmp/s;
    %jmp/1xz T_8.7, 5;
    %jmp/1 T_8.7, 4;
    %pushi/vec4 1, 0, 32;
    %sub;
    %wait E_0x7fda53d17d10;
    %jmp T_8.6;
T_8.7 ;
    %pop/vec4 1;
    %pushi/vec4 1, 0, 1;
    %assign/vec4 v0x7fda53d2ac20_0, 0;
    %wait E_0x7fda53d17d10;
    %pushi/vec4 0, 0, 1;
    %assign/vec4 v0x7fda53d2ac20_0, 0;
    %pushi/vec4 3, 0, 32;
T_8.8 %dup/vec4;
    %pushi/vec4 0, 0, 32;
    %cmp/s;
    %jmp/1xz T_8.9, 5;
    %jmp/1 T_8.9, 4;
    %pushi/vec4 1, 0, 32;
    %sub;
    %wait E_0x7fda53d17d10;
    %jmp T_8.8;
T_8.9 ;
    %pop/vec4 1;
    %pushi/vec4 1, 0, 1;
    %assign/vec4 v0x7fda53d2ac20_0, 0;
    %pushi/vec4 2, 0, 32;
T_8.10 %dup/vec4;
    %pushi/vec4 0, 0, 32;
    %cmp/s;
    %jmp/1xz T_8.11, 5;
    %jmp/1 T_8.11, 4;
    %pushi/vec4 1, 0, 32;
    %sub;
    %wait E_0x7fda53d17d10;
    %jmp T_8.10;
T_8.11 ;
    %pop/vec4 1;
    %pushi/vec4 0, 0, 1;
    %assign/vec4 v0x7fda53d2ac20_0, 0;
    %pushi/vec4 3, 0, 32;
T_8.12 %dup/vec4;
    %pushi/vec4 0, 0, 32;
    %cmp/s;
    %jmp/1xz T_8.13, 5;
    %jmp/1 T_8.13, 4;
    %pushi/vec4 1, 0, 32;
    %sub;
    %wait E_0x7fda53d17d10;
    %jmp T_8.12;
T_8.13 ;
    %pop/vec4 1;
    %pushi/vec4 1, 0, 1;
    %assign/vec4 v0x7fda53d2ac20_0, 0;
    %pushi/vec4 2, 0, 32;
T_8.14 %dup/vec4;
    %pushi/vec4 0, 0, 32;
    %cmp/s;
    %jmp/1xz T_8.15, 5;
    %jmp/1 T_8.15, 4;
    %pushi/vec4 1, 0, 32;
    %sub;
    %wait E_0x7fda53d17d10;
    %jmp T_8.14;
T_8.15 ;
    %pop/vec4 1;
    %pushi/vec4 0, 0, 1;
    %assign/vec4 v0x7fda53d2ac20_0, 0;
    %wait E_0x7fda53d17d10;
    %pushi/vec4 1, 0, 1;
    %assign/vec4 v0x7fda53d2ac20_0, 0;
    %wait E_0x7fda53d17d10;
    %pushi/vec4 0, 0, 1;
    %assign/vec4 v0x7fda53d2ac20_0, 0;
    %pushi/vec4 2, 0, 32;
T_8.16 %dup/vec4;
    %pushi/vec4 0, 0, 32;
    %cmp/s;
    %jmp/1xz T_8.17, 5;
    %jmp/1 T_8.17, 4;
    %pushi/vec4 1, 0, 32;
    %sub;
    %wait E_0x7fda53d17d10;
    %jmp T_8.16;
T_8.17 ;
    %pop/vec4 1;
    %pushi/vec4 1, 0, 1;
    %assign/vec4 v0x7fda53d2ac20_0, 0;
    %wait E_0x7fda53d17d10;
    %pushi/vec4 0, 0, 1;
    %assign/vec4 v0x7fda53d2ac20_0, 0;
    %wait E_0x7fda53d17d10;
    %pushi/vec4 1, 0, 1;
    %assign/vec4 v0x7fda53d2ac20_0, 0;
    %delay 20000, 0;
    %vpi_call 2 63 "$finish" {0 0 0};
    %end;
    .thread T_8;
# The file index is used to find the file name in the following table.
:file_names 4;
    "N/A";
    "<interactive>";
    "testbench_for_mealy.v";
    "./mealy_hw.v";
