#! /usr/local/Cellar/icarus-verilog/11.0/bin/vvp
:ivl_version "11.0 (stable)";
:ivl_delay_selection "TYPICAL";
:vpi_time_precision - 12;
:vpi_module "/usr/local/Cellar/icarus-verilog/11.0/lib/ivl/system.vpi";
:vpi_module "/usr/local/Cellar/icarus-verilog/11.0/lib/ivl/vhdl_sys.vpi";
:vpi_module "/usr/local/Cellar/icarus-verilog/11.0/lib/ivl/vhdl_textio.vpi";
:vpi_module "/usr/local/Cellar/icarus-verilog/11.0/lib/ivl/v2005_math.vpi";
:vpi_module "/usr/local/Cellar/icarus-verilog/11.0/lib/ivl/va_math.vpi";
S_0x7fc1bcf0c860 .scope module, "tb_lab9" "tb_lab9" 2 5;
 .timescale -9 -12;
v0x7fc1bcf1d480_0 .var "CLK", 0 0;
v0x7fc1bcf1d510_0 .var "correct_ans", 15 0;
v0x7fc1bcf1d5a0_0 .var "count", 5 0;
v0x7fc1bcf1d630_0 .var "error", 0 0;
v0x7fc1bcf1d6d0_0 .var "in_a", 7 0;
v0x7fc1bcf1d7b0_0 .var "in_b", 7 0;
v0x7fc1bcf1d860_0 .net "out", 15 0, L_0x7fc1bcf1dc10;  1 drivers
v0x7fc1bcf1d910_0 .net "out_valid", 0 0, v0x7fc1bcf1d040_0;  1 drivers
v0x7fc1bcf1d9c0_0 .var "reset", 0 0;
v0x7fc1bcf1daf0_0 .var "temp_a", 7 0;
v0x7fc1bcf1db80_0 .var "temp_b", 7 0;
S_0x7fc1bcf0cbf0 .scope module, "m1" "lab9_hw_RBM" 2 23, 3 5 0, S_0x7fc1bcf0c860;
 .timescale -9 -12;
    .port_info 0 /INPUT 1 "CLK";
    .port_info 1 /INPUT 1 "RST";
    .port_info 2 /INPUT 8 "in_a";
    .port_info 3 /INPUT 8 "in_b";
    .port_info 4 /OUTPUT 16 "Product";
    .port_info 5 /OUTPUT 1 "Product_Valid";
v0x7fc1bcf04a20_0 .net "CLK", 0 0, v0x7fc1bcf1d480_0;  1 drivers
v0x7fc1bcf1cca0_0 .var "Counter", 5 0;
v0x7fc1bcf1cd40_0 .var "MU_Product", 17 0;
v0x7fc1bcf1cdf0_0 .var "Mplicand", 7 0;
v0x7fc1bcf1cea0_0 .var "Mplier", 7 0;
v0x7fc1bcf1cf90_0 .net "Product", 15 0, L_0x7fc1bcf1dc10;  alias, 1 drivers
v0x7fc1bcf1d040_0 .var "Product_Valid", 0 0;
v0x7fc1bcf1d0e0_0 .net "RST", 0 0, v0x7fc1bcf1d9c0_0;  1 drivers
v0x7fc1bcf1d180_0 .net "in_a", 7 0, v0x7fc1bcf1d6d0_0;  1 drivers
v0x7fc1bcf1d290_0 .net "in_b", 7 0, v0x7fc1bcf1d7b0_0;  1 drivers
v0x7fc1bcf1d340_0 .var "tmp", 8 0;
E_0x7fc1bcf07a10 .event posedge, v0x7fc1bcf1d0e0_0, v0x7fc1bcf04a20_0;
L_0x7fc1bcf1dc10 .part v0x7fc1bcf1cd40_0, 1, 16;
    .scope S_0x7fc1bcf0cbf0;
T_0 ;
    %wait E_0x7fc1bcf07a10;
    %load/vec4 v0x7fc1bcf1d0e0_0;
    %flag_set/vec4 8;
    %jmp/0xz  T_0.0, 8;
    %pushi/vec4 0, 0, 6;
    %assign/vec4 v0x7fc1bcf1cca0_0, 0;
    %jmp T_0.1;
T_0.0 ;
    %load/vec4 v0x7fc1bcf1cca0_0;
    %addi 1, 0, 6;
    %assign/vec4 v0x7fc1bcf1cca0_0, 0;
T_0.1 ;
    %jmp T_0;
    .thread T_0;
    .scope S_0x7fc1bcf0cbf0;
T_1 ;
    %wait E_0x7fc1bcf07a10;
    %load/vec4 v0x7fc1bcf1d0e0_0;
    %flag_set/vec4 8;
    %jmp/0xz  T_1.0, 8;
    %pushi/vec4 0, 0, 18;
    %assign/vec4 v0x7fc1bcf1cd40_0, 0;
    %pushi/vec4 0, 0, 8;
    %assign/vec4 v0x7fc1bcf1cdf0_0, 0;
    %pushi/vec4 0, 0, 8;
    %assign/vec4 v0x7fc1bcf1cea0_0, 0;
    %jmp T_1.1;
T_1.0 ;
    %load/vec4 v0x7fc1bcf1cca0_0;
    %cmpi/e 0, 0, 6;
    %jmp/0xz  T_1.2, 4;
    %pushi/vec4 0, 0, 9;
    %load/vec4 v0x7fc1bcf1d290_0;
    %concat/vec4; draw_concat_vec4
    %concati/vec4 0, 0, 1;
    %assign/vec4 v0x7fc1bcf1cd40_0, 0;
    %load/vec4 v0x7fc1bcf1d180_0;
    %assign/vec4 v0x7fc1bcf1cdf0_0, 0;
    %load/vec4 v0x7fc1bcf1d290_0;
    %assign/vec4 v0x7fc1bcf1cea0_0, 0;
    %jmp T_1.3;
T_1.2 ;
    %load/vec4 v0x7fc1bcf1cca0_0;
    %cmpi/u 4, 0, 6;
    %flag_or 5, 4;
    %jmp/0xz  T_1.4, 5;
    %load/vec4 v0x7fc1bcf1cd40_0;
    %parti/s 3, 0, 2;
    %cmpi/e 1, 0, 3;
    %flag_mov 8, 4;
    %load/vec4 v0x7fc1bcf1cd40_0;
    %parti/s 3, 0, 2;
    %cmpi/e 2, 0, 3;
    %flag_or 4, 8;
    %jmp/0xz  T_1.6, 4;
    %load/vec4 v0x7fc1bcf1cd40_0;
    %load/vec4 v0x7fc1bcf1cdf0_0;
    %concati/vec4 0, 0, 9;
    %pad/u 18;
    %add;
    %store/vec4 v0x7fc1bcf1cd40_0, 0, 18;
    %jmp T_1.7;
T_1.6 ;
    %load/vec4 v0x7fc1bcf1cd40_0;
    %parti/s 3, 0, 2;
    %cmpi/e 5, 0, 3;
    %flag_mov 8, 4;
    %load/vec4 v0x7fc1bcf1cd40_0;
    %parti/s 3, 0, 2;
    %cmpi/e 6, 0, 3;
    %flag_or 4, 8;
    %jmp/0xz  T_1.8, 4;
    %load/vec4 v0x7fc1bcf1cd40_0;
    %load/vec4 v0x7fc1bcf1cdf0_0;
    %concati/vec4 0, 0, 9;
    %pad/u 18;
    %sub;
    %store/vec4 v0x7fc1bcf1cd40_0, 0, 18;
    %jmp T_1.9;
T_1.8 ;
    %load/vec4 v0x7fc1bcf1cd40_0;
    %parti/s 3, 0, 2;
    %cmpi/e 3, 0, 3;
    %jmp/0xz  T_1.10, 4;
    %load/vec4 v0x7fc1bcf1cdf0_0;
    %pad/u 9;
    %muli 2, 0, 9;
    %store/vec4 v0x7fc1bcf1d340_0, 0, 9;
    %load/vec4 v0x7fc1bcf1cd40_0;
    %load/vec4 v0x7fc1bcf1d340_0;
    %concati/vec4 0, 0, 9;
    %add;
    %store/vec4 v0x7fc1bcf1cd40_0, 0, 18;
    %jmp T_1.11;
T_1.10 ;
    %load/vec4 v0x7fc1bcf1cd40_0;
    %parti/s 3, 0, 2;
    %cmpi/e 4, 0, 3;
    %jmp/0xz  T_1.12, 4;
    %load/vec4 v0x7fc1bcf1cdf0_0;
    %pad/u 9;
    %muli 2, 0, 9;
    %store/vec4 v0x7fc1bcf1d340_0, 0, 9;
    %load/vec4 v0x7fc1bcf1cd40_0;
    %load/vec4 v0x7fc1bcf1d340_0;
    %concati/vec4 0, 0, 9;
    %sub;
    %store/vec4 v0x7fc1bcf1cd40_0, 0, 18;
T_1.12 ;
T_1.11 ;
T_1.9 ;
T_1.7 ;
    %load/vec4 v0x7fc1bcf1cd40_0;
    %parti/s 1, 17, 6;
    %cmpi/e 1, 0, 1;
    %jmp/0xz  T_1.14, 4;
    %pushi/vec4 0, 0, 2;
    %load/vec4 v0x7fc1bcf1cd40_0;
    %parti/s 16, 2, 3;
    %concat/vec4; draw_concat_vec4
    %store/vec4 v0x7fc1bcf1cd40_0, 0, 18;
    %pushi/vec4 7, 0, 3;
    %ix/load 4, 15, 0;
    %flag_set/imm 4, 0;
    %store/vec4 v0x7fc1bcf1cd40_0, 4, 3;
    %jmp T_1.15;
T_1.14 ;
    %pushi/vec4 0, 0, 2;
    %load/vec4 v0x7fc1bcf1cd40_0;
    %parti/s 16, 2, 3;
    %concat/vec4; draw_concat_vec4
    %store/vec4 v0x7fc1bcf1cd40_0, 0, 18;
T_1.15 ;
    %jmp T_1.5;
T_1.4 ;
    %load/vec4 v0x7fc1bcf1cd40_0;
    %assign/vec4 v0x7fc1bcf1cd40_0, 0;
    %load/vec4 v0x7fc1bcf1cdf0_0;
    %assign/vec4 v0x7fc1bcf1cdf0_0, 0;
    %load/vec4 v0x7fc1bcf1cea0_0;
    %assign/vec4 v0x7fc1bcf1cea0_0, 0;
T_1.5 ;
T_1.3 ;
T_1.1 ;
    %jmp T_1;
    .thread T_1;
    .scope S_0x7fc1bcf0cbf0;
T_2 ;
    %wait E_0x7fc1bcf07a10;
    %load/vec4 v0x7fc1bcf1d0e0_0;
    %flag_set/vec4 8;
    %jmp/0xz  T_2.0, 8;
    %pushi/vec4 0, 0, 1;
    %assign/vec4 v0x7fc1bcf1d040_0, 0;
    %jmp T_2.1;
T_2.0 ;
    %load/vec4 v0x7fc1bcf1cca0_0;
    %cmpi/e 9, 0, 6;
    %jmp/0xz  T_2.2, 4;
    %pushi/vec4 1, 0, 1;
    %assign/vec4 v0x7fc1bcf1d040_0, 0;
    %jmp T_2.3;
T_2.2 ;
    %pushi/vec4 0, 0, 1;
    %assign/vec4 v0x7fc1bcf1d040_0, 0;
T_2.3 ;
T_2.1 ;
    %jmp T_2;
    .thread T_2;
    .scope S_0x7fc1bcf0c860;
T_3 ;
    %vpi_call 2 27 "$dumpfile", "lab9_hw_RBM_unsigned.vcd" {0 0 0};
    %vpi_call 2 28 "$dumpvars" {0 0 0};
    %pushi/vec4 0, 0, 1;
    %store/vec4 v0x7fc1bcf1d480_0, 0, 1;
    %delay 20000, 0;
    %pushi/vec4 1, 0, 1;
    %store/vec4 v0x7fc1bcf1d9c0_0, 0, 1;
    %pushi/vec4 3, 0, 8;
    %store/vec4 v0x7fc1bcf1daf0_0, 0, 8;
    %pushi/vec4 9, 0, 8;
    %store/vec4 v0x7fc1bcf1db80_0, 0, 8;
    %delay 20000, 0;
    %pushi/vec4 0, 0, 1;
    %store/vec4 v0x7fc1bcf1d9c0_0, 0, 1;
    %delay 700000, 0;
    %pushi/vec4 1, 0, 1;
    %store/vec4 v0x7fc1bcf1d9c0_0, 0, 1;
    %pushi/vec4 25, 0, 8;
    %store/vec4 v0x7fc1bcf1daf0_0, 0, 8;
    %pushi/vec4 0, 0, 8;
    %store/vec4 v0x7fc1bcf1db80_0, 0, 8;
    %delay 20000, 0;
    %pushi/vec4 0, 0, 1;
    %store/vec4 v0x7fc1bcf1d9c0_0, 0, 1;
    %delay 700000, 0;
    %pushi/vec4 1, 0, 1;
    %store/vec4 v0x7fc1bcf1d9c0_0, 0, 1;
    %pushi/vec4 100, 0, 8;
    %store/vec4 v0x7fc1bcf1daf0_0, 0, 8;
    %pushi/vec4 14, 0, 8;
    %store/vec4 v0x7fc1bcf1db80_0, 0, 8;
    %delay 20000, 0;
    %pushi/vec4 0, 0, 1;
    %store/vec4 v0x7fc1bcf1d9c0_0, 0, 1;
    %delay 700000, 0;
    %pushi/vec4 1, 0, 1;
    %store/vec4 v0x7fc1bcf1d9c0_0, 0, 1;
    %pushi/vec4 123, 0, 8;
    %store/vec4 v0x7fc1bcf1daf0_0, 0, 8;
    %pushi/vec4 12, 0, 8;
    %store/vec4 v0x7fc1bcf1db80_0, 0, 8;
    %delay 20000, 0;
    %pushi/vec4 0, 0, 1;
    %store/vec4 v0x7fc1bcf1d9c0_0, 0, 1;
    %delay 700000, 0;
    %pushi/vec4 1, 0, 1;
    %store/vec4 v0x7fc1bcf1d9c0_0, 0, 1;
    %pushi/vec4 45, 0, 8;
    %store/vec4 v0x7fc1bcf1daf0_0, 0, 8;
    %pushi/vec4 69, 0, 8;
    %store/vec4 v0x7fc1bcf1db80_0, 0, 8;
    %delay 20000, 0;
    %pushi/vec4 0, 0, 1;
    %store/vec4 v0x7fc1bcf1d9c0_0, 0, 1;
    %delay 20000, 0;
    %pushi/vec4 0, 0, 1;
    %store/vec4 v0x7fc1bcf1d9c0_0, 0, 1;
    %delay 700000, 0;
    %vpi_call 2 59 "$finish" {0 0 0};
    %end;
    .thread T_3;
    .scope S_0x7fc1bcf0c860;
T_4 ;
    %delay 10000, 0;
    %load/vec4 v0x7fc1bcf1d480_0;
    %inv;
    %store/vec4 v0x7fc1bcf1d480_0, 0, 1;
    %jmp T_4;
    .thread T_4;
    .scope S_0x7fc1bcf0c860;
T_5 ;
    %wait E_0x7fc1bcf07a10;
    %load/vec4 v0x7fc1bcf1d9c0_0;
    %flag_set/vec4 8;
    %jmp/0xz  T_5.0, 8;
    %pushi/vec4 0, 0, 6;
    %assign/vec4 v0x7fc1bcf1d5a0_0, 0;
    %load/vec4 v0x7fc1bcf1daf0_0;
    %assign/vec4 v0x7fc1bcf1d6d0_0, 0;
    %load/vec4 v0x7fc1bcf1db80_0;
    %assign/vec4 v0x7fc1bcf1d7b0_0, 0;
    %pushi/vec4 0, 0, 16;
    %assign/vec4 v0x7fc1bcf1d510_0, 0;
    %pushi/vec4 0, 0, 1;
    %assign/vec4 v0x7fc1bcf1d630_0, 0;
    %jmp T_5.1;
T_5.0 ;
    %load/vec4 v0x7fc1bcf1d6d0_0;
    %pad/u 16;
    %load/vec4 v0x7fc1bcf1d7b0_0;
    %pad/u 16;
    %mul;
    %assign/vec4 v0x7fc1bcf1d510_0, 0;
    %load/vec4 v0x7fc1bcf1d5a0_0;
    %addi 1, 0, 6;
    %assign/vec4 v0x7fc1bcf1d5a0_0, 0;
    %load/vec4 v0x7fc1bcf1d910_0;
    %pad/u 32;
    %cmpi/e 1, 0, 32;
    %jmp/0xz  T_5.2, 4;
    %load/vec4 v0x7fc1bcf1d860_0;
    %load/vec4 v0x7fc1bcf1d510_0;
    %cmp/ne;
    %jmp/0xz  T_5.4, 4;
    %pushi/vec4 1, 0, 1;
    %assign/vec4 v0x7fc1bcf1d630_0, 0;
    %vpi_call 2 86 "$display" {0 0 0};
    %vpi_call 2 87 "$display", "//////////" {0 0 0};
    %vpi_call 2 88 "$display", "// Fail //" {0 0 0};
    %vpi_call 2 89 "$display", "//////////" {0 0 0};
    %vpi_call 2 90 "$display", "doing %d * %d ...", v0x7fc1bcf1daf0_0, v0x7fc1bcf1db80_0 {0 0 0};
    %vpi_call 2 91 "$display", "your answer is %d, but correct answer is %d\012", v0x7fc1bcf1d860_0, v0x7fc1bcf1d510_0 {0 0 0};
    %vpi_call 2 93 "$display" {0 0 0};
    %jmp T_5.5;
T_5.4 ;
    %pushi/vec4 0, 0, 1;
    %assign/vec4 v0x7fc1bcf1d630_0, 0;
    %vpi_call 2 98 "$display" {0 0 0};
    %vpi_call 2 99 "$display", "////////////////" {0 0 0};
    %vpi_call 2 100 "$display", "// Successful //" {0 0 0};
    %vpi_call 2 101 "$display", "////////////////" {0 0 0};
    %vpi_call 2 102 "$display", "doing %d * %d ...", v0x7fc1bcf1daf0_0, v0x7fc1bcf1db80_0 {0 0 0};
    %vpi_call 2 103 "$display", "your answer is %d,  correct answer is %d\012", v0x7fc1bcf1d860_0, v0x7fc1bcf1d510_0 {0 0 0};
    %vpi_call 2 105 "$display" {0 0 0};
T_5.5 ;
T_5.2 ;
T_5.1 ;
    %jmp T_5;
    .thread T_5;
# The file index is used to find the file name in the following table.
:file_names 4;
    "N/A";
    "<interactive>";
    "tb_lab9_hw_RBM_unsigned.v";
    "./lab9_hw_RBM.v";
